-------------------------------------------------------------------------------
Test set: kz.arab.SingularityHackathon.demo.SingularityBookingApplicationTests
-------------------------------------------------------------------------------
Tests run: 1, Failures: 0, Errors: 1, Skipped: 0, Time elapsed: 6.23 s <<< FAILURE! - in kz.arab.SingularityHackathon.demo.SingularityBookingApplicationTests
contextLoads  Time elapsed: 0.001 s  <<< ERROR!
java.lang.IllegalStateException: Failed to load ApplicationContext
Caused by: org.springframework.beans.factory.BeanCreationException: Error creating bean with name 'userRolesRepository' defined in kz.arab.SingularityHackathon.demo.repository.UserRolesRepository defined in @EnableJpaRepositories declared on JpaRepositoriesRegistrar.EnableJpaRepositoriesConfiguration: Invocation of init method failed; nested exception is java.lang.IllegalArgumentException: Not a managed type: class kz.arab.SingularityHackathon.demo.dto.UserRoleDto
Caused by: java.lang.IllegalArgumentException: Not a managed type: class kz.arab.SingularityHackathon.demo.dto.UserRoleDto

